[2022-07-22T17:40:26.590987+00:00] log.DEBUG: Row Updated [] []
[2022-07-22T17:41:54.520593+00:00] log.DEBUG: Row Updated [] []
[2022-07-22T17:45:19.410252+00:00] log.DEBUG: Row Updated [] []
[2022-07-22T17:45:23.603582+00:00] log.DEBUG: Row Updated [] []
[2022-07-22T17:49:07.248632+00:00] log.DEBUG: Row Updated [] []
[2022-07-22T17:55:28.244146+00:00] log.DEBUG: SELECT COUNT(*) FROM `participante` {"params":[],"types":[],"executionMS":0.0009970664978027344} []
[2022-07-22T17:55:28.246027+00:00] log.DEBUG: SELECT `ID_PARTICIPANTE` AS `lf`, `NOMBRE` AS `df`, `APELLIDO` AS `df2`, '' AS `df3`, '' AS `df4` FROM `participante` {"params":[],"types":[],"executionMS":0.0003139972686767578} []
[2022-07-22T17:55:28.251188+00:00] log.DEBUG: SELECT COUNT(*) FROM `equipo` {"params":[],"types":[],"executionMS":0.00024318695068359375} []
[2022-07-22T17:55:28.251447+00:00] log.DEBUG: SELECT `NOM_EQUIPO_CORTO` AS `lf`, `NOM_EQUIPO_LARGO` AS `df`, '' AS `df2`, '' AS `df3`, '' AS `df4` FROM `equipo` {"params":[],"types":[],"executionMS":0.00018906593322753906} []
[2022-07-22T17:55:28.273547+00:00] log.DEBUG: SELECT COUNT(*) FROM `pronosticador` {"params":[],"types":[],"executionMS":0.0005390644073486328} []
[2022-07-22T17:55:28.279147+00:00] log.DEBUG: SELECT * FROM `pronosticador` LIMIT 20 {"params":[],"types":[],"executionMS":0.00033593177795410156} []
[2022-07-22T19:37:12.373674+00:00] log.DEBUG: SELECT COUNT(*) FROM `torneo` {"params":[],"types":[],"executionMS":0.002686023712158203} []
[2022-07-22T19:37:12.375275+00:00] log.DEBUG: SELECT `ID_TORNEO` AS `lf`, `NOM_TORNEO_CORTO` AS `df`, '' AS `df2`, '' AS `df3`, '' AS `df4` FROM `torneo` {"params":[],"types":[],"executionMS":0.0002789497375488281} []
[2022-07-22T19:37:12.378775+00:00] log.DEBUG: SELECT COUNT(*) FROM `equipotorneo` {"params":[],"types":[],"executionMS":0.00026416778564453125} []
[2022-07-22T19:37:12.379114+00:00] log.DEBUG: SELECT `ID_EQUIPO` AS `lf`, `ID_EQUIPO` AS `df`, '' AS `df2`, '' AS `df3`, '' AS `df4`, `ID_TORNEO` AS `ff` FROM `equipotorneo` {"params":[],"types":[],"executionMS":0.00021600723266601562} []
[2022-07-22T19:37:12.383820+00:00] log.DEBUG: SELECT `ID_EQUIPO` AS `lf`, `NOM_EQUIPO_LARGO` AS `df`, '' AS `df2`, '' AS `df3`, '' AS `df4` FROM `equipo` WHERE `ID_EQUIPO` = 45 {"params":[],"types":[],"executionMS":0.0002899169921875} []
[2022-07-22T19:37:12.384886+00:00] log.DEBUG: SELECT `ID_EQUIPO` AS `lf`, `NOM_EQUIPO_LARGO` AS `df`, '' AS `df2`, '' AS `df3`, '' AS `df4` FROM `equipo` WHERE `ID_EQUIPO` = 46 {"params":[],"types":[],"executionMS":0.00020694732666015625} []
[2022-07-22T19:37:12.385364+00:00] log.DEBUG: SELECT `ID_EQUIPO` AS `lf`, `NOM_EQUIPO_LARGO` AS `df`, '' AS `df2`, '' AS `df3`, '' AS `df4` FROM `equipo` WHERE `ID_EQUIPO` = 47 {"params":[],"types":[],"executionMS":0.0001659393310546875} []
[2022-07-22T19:37:12.386189+00:00] log.DEBUG: SELECT COUNT(*) FROM `equipotorneo` {"params":[],"types":[],"executionMS":0.0004839897155761719} []
[2022-07-22T19:37:12.386502+00:00] log.DEBUG: SELECT `ID_EQUIPO` AS `lf`, `ID_EQUIPO` AS `df`, '' AS `df2`, '' AS `df3`, '' AS `df4`, `ID_TORNEO` AS `ff` FROM `equipotorneo` {"params":[],"types":[],"executionMS":0.00021791458129882812} []
[2022-07-22T19:37:12.389380+00:00] log.DEBUG: SELECT COUNT(*) FROM `estadio` {"params":[],"types":[],"executionMS":0.0001971721649169922} []
[2022-07-22T19:37:12.389613+00:00] log.DEBUG: SELECT `id_estadio` AS `lf`, `nombre_estadio` AS `df`, '' AS `df2`, '' AS `df3`, '' AS `df4`, `id_torneo` AS `ff` FROM `estadio` {"params":[],"types":[],"executionMS":0.00017499923706054688} []
[2022-07-22T19:37:12.389970+00:00] log.DEBUG: SELECT COUNT(*) FROM `equipo` {"params":[],"types":[],"executionMS":0.0001590251922607422} []
[2022-07-22T19:37:12.390188+00:00] log.DEBUG: SELECT `PAIS_EQUIPO` AS `lf`, `PAIS_EQUIPO` AS `df`, '' AS `df2`, '' AS `df3`, '' AS `df4`, `ID_EQUIPO` AS `ff` FROM `equipo` {"params":[],"types":[],"executionMS":0.00016808509826660156} []
[2022-07-22T19:37:12.408793+00:00] log.DEBUG: SELECT COUNT(*) FROM `partidos` {"params":[],"types":[],"executionMS":0.0002980232238769531} []
[2022-07-22T19:37:12.412654+00:00] log.DEBUG: SELECT * FROM `partidos` LIMIT 20 {"params":[],"types":[],"executionMS":0.0002589225769042969} []
[2022-07-22T19:44:36.354284+00:00] log.DEBUG: SELECT * FROM `partidos` WHERE (`ID_PARTIDO` = 14) OR (`ID_PARTIDO` = 15) {"params":[],"types":[],"executionMS":0.0012140274047851562} []
[2022-07-22T19:44:36.359994+00:00] log.DEBUG: SELECT `ID_TORNEO` AS `lf`, `NOM_TORNEO_CORTO` AS `df`, '' AS `df2`, '' AS `df3`, '' AS `df4` FROM `torneo` WHERE `ID_TORNEO` = 2 {"params":[],"types":[],"executionMS":0.00029397010803222656} []
[2022-07-22T19:44:36.360886+00:00] log.DEBUG: SELECT `ID_EQUIPO` AS `lf`, `ID_EQUIPO` AS `df`, '' AS `df2`, '' AS `df3`, '' AS `df4` FROM `equipotorneo` WHERE `ID_EQUIPO` = 45 {"params":[],"types":[],"executionMS":0.00024008750915527344} []
[2022-07-22T19:44:36.361248+00:00] log.DEBUG: SELECT `ID_EQUIPO` AS `lf`, `NOM_EQUIPO_LARGO` AS `df`, '' AS `df2`, '' AS `df3`, '' AS `df4` FROM `equipo` WHERE `ID_EQUIPO` = 45 {"params":[],"types":[],"executionMS":0.00019812583923339844} []
[2022-07-22T19:44:36.361706+00:00] log.DEBUG: SELECT `ID_EQUIPO` AS `lf`, `ID_EQUIPO` AS `df`, '' AS `df2`, '' AS `df3`, '' AS `df4` FROM `equipotorneo` WHERE `ID_EQUIPO` = 46 {"params":[],"types":[],"executionMS":0.0002048015594482422} []
[2022-07-22T19:44:36.362028+00:00] log.DEBUG: SELECT `ID_EQUIPO` AS `lf`, `NOM_EQUIPO_LARGO` AS `df`, '' AS `df2`, '' AS `df3`, '' AS `df4` FROM `equipo` WHERE `ID_EQUIPO` = 46 {"params":[],"types":[],"executionMS":0.000164031982421875} []
[2022-07-22T19:44:36.363541+00:00] log.DEBUG: SELECT `ID_EQUIPO` AS `lf`, `ID_EQUIPO` AS `df`, '' AS `df2`, '' AS `df3`, '' AS `df4` FROM `equipotorneo` WHERE `ID_EQUIPO` = 47 {"params":[],"types":[],"executionMS":0.00021004676818847656} []
[2022-07-22T19:44:36.363866+00:00] log.DEBUG: SELECT `ID_EQUIPO` AS `lf`, `NOM_EQUIPO_LARGO` AS `df`, '' AS `df2`, '' AS `df3`, '' AS `df4` FROM `equipo` WHERE `ID_EQUIPO` = 47 {"params":[],"types":[],"executionMS":0.0001590251922607422} []
[2022-07-22T19:44:37.360861+00:00] log.DEBUG: SELECT * FROM `partidos` WHERE (`ID_PARTIDO` = 14) OR (`ID_PARTIDO` = 15) {"params":[],"types":[],"executionMS":0.0008161067962646484} []
[2022-07-22T19:44:37.361942+00:00] log.DEBUG: "START TRANSACTION" {"params":null,"types":null,"executionMS":0.00015115737915039062} []
[2022-07-22T19:44:37.377321+00:00] log.DEBUG: DELETE FROM `partidos` WHERE `ID_PARTIDO`=14 {"params":[],"types":[],"executionMS":0.0006651878356933594} []
[2022-07-22T19:44:37.377656+00:00] log.DEBUG: DELETE FROM `partidos` WHERE `ID_PARTIDO`=15 {"params":[],"types":[],"executionMS":0.000202178955078125} []
[2022-07-22T19:44:37.378878+00:00] log.DEBUG: "COMMIT" {"params":null,"types":null,"executionMS":0.0011479854583740234} []
[2022-07-22T19:44:37.489055+00:00] log.DEBUG: SELECT COUNT(*) FROM `torneo` {"params":[],"types":[],"executionMS":0.002290010452270508} []
[2022-07-22T19:44:37.491115+00:00] log.DEBUG: SELECT `ID_TORNEO` AS `lf`, `NOM_TORNEO_CORTO` AS `df`, '' AS `df2`, '' AS `df3`, '' AS `df4` FROM `torneo` {"params":[],"types":[],"executionMS":0.00027108192443847656} []
[2022-07-22T19:44:37.493994+00:00] log.DEBUG: SELECT COUNT(*) FROM `equipotorneo` {"params":[],"types":[],"executionMS":0.00019884109497070312} []
[2022-07-22T19:44:37.494203+00:00] log.DEBUG: SELECT `ID_EQUIPO` AS `lf`, `ID_EQUIPO` AS `df`, '' AS `df2`, '' AS `df3`, '' AS `df4`, `ID_TORNEO` AS `ff` FROM `equipotorneo` {"params":[],"types":[],"executionMS":0.0001499652862548828} []
[2022-07-22T19:44:37.497768+00:00] log.DEBUG: SELECT `ID_EQUIPO` AS `lf`, `NOM_EQUIPO_LARGO` AS `df`, '' AS `df2`, '' AS `df3`, '' AS `df4` FROM `equipo` WHERE `ID_EQUIPO` = 45 {"params":[],"types":[],"executionMS":0.00021600723266601562} []
[2022-07-22T19:44:37.498559+00:00] log.DEBUG: SELECT `ID_EQUIPO` AS `lf`, `NOM_EQUIPO_LARGO` AS `df`, '' AS `df2`, '' AS `df3`, '' AS `df4` FROM `equipo` WHERE `ID_EQUIPO` = 46 {"params":[],"types":[],"executionMS":0.0001628398895263672} []
[2022-07-22T19:44:37.498930+00:00] log.DEBUG: SELECT `ID_EQUIPO` AS `lf`, `NOM_EQUIPO_LARGO` AS `df`, '' AS `df2`, '' AS `df3`, '' AS `df4` FROM `equipo` WHERE `ID_EQUIPO` = 47 {"params":[],"types":[],"executionMS":0.00013399124145507812} []
[2022-07-22T19:44:37.499332+00:00] log.DEBUG: SELECT COUNT(*) FROM `equipotorneo` {"params":[],"types":[],"executionMS":0.00014495849609375} []
[2022-07-22T19:44:37.499538+00:00] log.DEBUG: SELECT `ID_EQUIPO` AS `lf`, `ID_EQUIPO` AS `df`, '' AS `df2`, '' AS `df3`, '' AS `df4`, `ID_TORNEO` AS `ff` FROM `equipotorneo` {"params":[],"types":[],"executionMS":0.0001480579376220703} []
[2022-07-22T19:44:37.502832+00:00] log.DEBUG: SELECT COUNT(*) FROM `estadio` {"params":[],"types":[],"executionMS":0.0003070831298828125} []
[2022-07-22T19:44:37.503183+00:00] log.DEBUG: SELECT `id_estadio` AS `lf`, `nombre_estadio` AS `df`, '' AS `df2`, '' AS `df3`, '' AS `df4`, `id_torneo` AS `ff` FROM `estadio` {"params":[],"types":[],"executionMS":0.00022220611572265625} []
[2022-07-22T19:44:37.503781+00:00] log.DEBUG: SELECT COUNT(*) FROM `equipo` {"params":[],"types":[],"executionMS":0.00023794174194335938} []
[2022-07-22T19:44:37.504061+00:00] log.DEBUG: SELECT `PAIS_EQUIPO` AS `lf`, `PAIS_EQUIPO` AS `df`, '' AS `df2`, '' AS `df3`, '' AS `df4`, `ID_EQUIPO` AS `ff` FROM `equipo` {"params":[],"types":[],"executionMS":0.00020599365234375} []
[2022-07-22T19:44:37.522677+00:00] log.DEBUG: SELECT COUNT(*) FROM `partidos` {"params":[],"types":[],"executionMS":0.0002620220184326172} []
[2022-07-22T19:44:37.526519+00:00] log.DEBUG: SELECT * FROM `partidos` LIMIT 20 {"params":[],"types":[],"executionMS":0.0002219676971435547} []
[2022-07-22T19:44:39.381635+00:00] log.DEBUG: SELECT `ID_TORNEO` AS `lf`, `NOM_TORNEO_CORTO` AS `df`, '' AS `df2`, '' AS `df3`, '' AS `df4` FROM `torneo` {"params":[],"types":[],"executionMS":0.000762939453125} []
[2022-07-22T19:44:39.386941+00:00] log.DEBUG: SELECT `ID_EQUIPO` AS `lf`, `ID_EQUIPO` AS `df`, '' AS `df2`, '' AS `df3`, '' AS `df4` FROM `equipotorneo` WHERE 1=0 {"params":[],"types":[],"executionMS":0.00027179718017578125} []
[2022-07-22T19:44:39.387382+00:00] log.DEBUG: SELECT `ID_EQUIPO` AS `lf`, `ID_EQUIPO` AS `df`, '' AS `df2`, '' AS `df3`, '' AS `df4` FROM `equipotorneo` WHERE 1=0 {"params":[],"types":[],"executionMS":0.00013017654418945312} []
[2022-07-22T19:44:39.389703+00:00] log.DEBUG: SELECT `id_estadio` AS `lf`, `nombre_estadio` AS `df`, '' AS `df2`, '' AS `df3`, '' AS `df4` FROM `estadio` WHERE 1=0 {"params":[],"types":[],"executionMS":0.00012803077697753906} []
[2022-07-22T19:44:39.392203+00:00] log.DEBUG: SELECT `PAIS_EQUIPO` AS `lf`, `PAIS_EQUIPO` AS `df`, '' AS `df2`, '' AS `df3`, '' AS `df4` FROM `equipo` WHERE 1=0 {"params":[],"types":[],"executionMS":0.0001289844512939453} []
[2022-07-22T19:44:40.246031+00:00] log.DEBUG: SELECT COUNT(*) FROM `torneo` {"params":[],"types":[],"executionMS":0.0008029937744140625} []
[2022-07-22T19:44:40.250863+00:00] log.DEBUG: SELECT `ID_TORNEO` AS `lf`, `NOM_TORNEO_CORTO` AS `df`, '' AS `df2`, '' AS `df3`, '' AS `df4` FROM `torneo` LIMIT 100 {"params":[],"types":[],"executionMS":0.0002269744873046875} []
[2022-07-22T19:44:40.809640+00:00] log.DEBUG: SELECT `ID_EQUIPO` AS `lf`, `ID_EQUIPO` AS `df`, '' AS `df2`, '' AS `df3`, '' AS `df4` FROM `equipotorneo` WHERE `ID_TORNEO` IN (2) {"params":[],"types":[],"executionMS":0.0008118152618408203} []
[2022-07-22T19:44:40.813830+00:00] log.DEBUG: SELECT `ID_EQUIPO` AS `lf`, `NOM_EQUIPO_LARGO` AS `df`, '' AS `df2`, '' AS `df3`, '' AS `df4` FROM `equipo` WHERE `ID_EQUIPO` = 45 {"params":[],"types":[],"executionMS":0.0001990795135498047} []
[2022-07-22T19:44:40.814403+00:00] log.DEBUG: SELECT `ID_EQUIPO` AS `lf`, `NOM_EQUIPO_LARGO` AS `df`, '' AS `df2`, '' AS `df3`, '' AS `df4` FROM `equipo` WHERE `ID_EQUIPO` = 46 {"params":[],"types":[],"executionMS":0.0001838207244873047} []
[2022-07-22T19:44:40.814824+00:00] log.DEBUG: SELECT `ID_EQUIPO` AS `lf`, `NOM_EQUIPO_LARGO` AS `df`, '' AS `df2`, '' AS `df3`, '' AS `df4` FROM `equipo` WHERE `ID_EQUIPO` = 47 {"params":[],"types":[],"executionMS":0.0001819133758544922} []
[2022-07-22T19:44:40.815374+00:00] log.DEBUG: SELECT `ID_EQUIPO` AS `lf`, `ID_EQUIPO` AS `df`, '' AS `df2`, '' AS `df3`, '' AS `df4` FROM `equipotorneo` WHERE `ID_TORNEO` IN (2) {"params":[],"types":[],"executionMS":0.0002040863037109375} []
[2022-07-22T19:44:40.818227+00:00] log.DEBUG: SELECT `id_estadio` AS `lf`, `nombre_estadio` AS `df`, '' AS `df2`, '' AS `df3`, '' AS `df4` FROM `estadio` WHERE `id_torneo` IN (2) {"params":[],"types":[],"executionMS":0.00023293495178222656} []
[2022-07-22T19:44:40.909426+00:00] log.DEBUG: SELECT `PAIS_EQUIPO` AS `lf`, `PAIS_EQUIPO` AS `df`, '' AS `df2`, '' AS `df3`, '' AS `df4` FROM `equipo` WHERE 1=0 {"params":[],"types":[],"executionMS":0.0015959739685058594} []
[2022-07-22T19:44:41.030804+00:00] log.DEBUG: SELECT COUNT(*) FROM `equipotorneo` WHERE `ID_TORNEO` IN (2) {"params":[],"types":[],"executionMS":0.0008862018585205078} []
[2022-07-22T19:44:41.036730+00:00] log.DEBUG: SELECT `ID_EQUIPO` AS `lf`, `ID_EQUIPO` AS `df`, '' AS `df2`, '' AS `df3`, '' AS `df4` FROM `equipotorneo` WHERE `ID_TORNEO` IN (2) LIMIT 100 {"params":[],"types":[],"executionMS":0.0006208419799804688} []
[2022-07-22T19:44:41.040524+00:00] log.DEBUG: SELECT `ID_EQUIPO` AS `lf`, `NOM_EQUIPO_LARGO` AS `df`, '' AS `df2`, '' AS `df3`, '' AS `df4` FROM `equipo` WHERE `ID_EQUIPO` = 45 {"params":[],"types":[],"executionMS":0.0002529621124267578} []
[2022-07-22T19:44:41.041107+00:00] log.DEBUG: SELECT `ID_EQUIPO` AS `lf`, `NOM_EQUIPO_LARGO` AS `df`, '' AS `df2`, '' AS `df3`, '' AS `df4` FROM `equipo` WHERE `ID_EQUIPO` = 46 {"params":[],"types":[],"executionMS":0.00018095970153808594} []
[2022-07-22T19:44:41.041523+00:00] log.DEBUG: SELECT `ID_EQUIPO` AS `lf`, `NOM_EQUIPO_LARGO` AS `df`, '' AS `df2`, '' AS `df3`, '' AS `df4` FROM `equipo` WHERE `ID_EQUIPO` = 47 {"params":[],"types":[],"executionMS":0.0001800060272216797} []
[2022-07-22T19:44:41.661206+00:00] log.DEBUG: SELECT `PAIS_EQUIPO` AS `lf`, `PAIS_EQUIPO` AS `df`, '' AS `df2`, '' AS `df3`, '' AS `df4` FROM `equipo` WHERE `ID_EQUIPO` IN (45) {"params":[],"types":[],"executionMS":0.0007960796356201172} []
[2022-07-22T19:44:41.969650+00:00] log.DEBUG: SELECT COUNT(*) FROM `equipotorneo` WHERE `ID_TORNEO` IN (2) {"params":[],"types":[],"executionMS":0.0010058879852294922} []
[2022-07-22T19:44:41.974794+00:00] log.DEBUG: SELECT `ID_EQUIPO` AS `lf`, `ID_EQUIPO` AS `df`, '' AS `df2`, '' AS `df3`, '' AS `df4` FROM `equipotorneo` WHERE `ID_TORNEO` IN (2) LIMIT 100 {"params":[],"types":[],"executionMS":0.0002930164337158203} []
[2022-07-22T19:44:41.978231+00:00] log.DEBUG: SELECT `ID_EQUIPO` AS `lf`, `NOM_EQUIPO_LARGO` AS `df`, '' AS `df2`, '' AS `df3`, '' AS `df4` FROM `equipo` WHERE `ID_EQUIPO` = 45 {"params":[],"types":[],"executionMS":0.000202178955078125} []
[2022-07-22T19:44:41.978803+00:00] log.DEBUG: SELECT `ID_EQUIPO` AS `lf`, `NOM_EQUIPO_LARGO` AS `df`, '' AS `df2`, '' AS `df3`, '' AS `df4` FROM `equipo` WHERE `ID_EQUIPO` = 46 {"params":[],"types":[],"executionMS":0.00018310546875} []
[2022-07-22T19:44:41.979219+00:00] log.DEBUG: SELECT `ID_EQUIPO` AS `lf`, `NOM_EQUIPO_LARGO` AS `df`, '' AS `df2`, '' AS `df3`, '' AS `df4` FROM `equipo` WHERE `ID_EQUIPO` = 47 {"params":[],"types":[],"executionMS":0.00017905235290527344} []
[2022-07-22T19:44:45.062436+00:00] log.DEBUG: SELECT COUNT(*) FROM `estadio` WHERE `id_torneo` IN (2) {"params":[],"types":[],"executionMS":0.0008740425109863281} []
[2022-07-22T19:44:45.069116+00:00] log.DEBUG: SELECT `id_estadio` AS `lf`, `nombre_estadio` AS `df`, '' AS `df2`, '' AS `df3`, '' AS `df4` FROM `estadio` WHERE `id_torneo` IN (2) LIMIT 100 {"params":[],"types":[],"executionMS":0.0002791881561279297} []
[2022-07-22T19:44:46.677622+00:00] log.DEBUG: SELECT COUNT(*) FROM `equipo` WHERE `ID_EQUIPO` IN (45) {"params":[],"types":[],"executionMS":0.0008118152618408203} []
[2022-07-22T19:44:46.683663+00:00] log.DEBUG: SELECT `PAIS_EQUIPO` AS `lf`, `PAIS_EQUIPO` AS `df`, '' AS `df2`, '' AS `df3`, '' AS `df4` FROM `equipo` WHERE `ID_EQUIPO` IN (45) LIMIT 100 {"params":[],"types":[],"executionMS":0.0002951622009277344} []
[2022-07-22T19:44:48.742795+00:00] log.DEBUG: SELECT COUNT(*) FROM `equipo` WHERE `ID_EQUIPO` IN (45) {"params":[],"types":[],"executionMS":0.0007989406585693359} []
[2022-07-22T19:44:48.748375+00:00] log.DEBUG: SELECT `PAIS_EQUIPO` AS `lf`, `PAIS_EQUIPO` AS `df`, '' AS `df2`, '' AS `df3`, '' AS `df4` FROM `equipo` WHERE `ID_EQUIPO` IN (45) LIMIT 100 {"params":[],"types":[],"executionMS":0.00029397010803222656} []
[2022-07-22T19:44:58.090996+00:00] log.DEBUG: INSERT INTO `partidos` (`ID_TORNEO`, `equipo_local`, `equipo_visitante`, `FECHA_PARTIDO`, `HORA_PARTIDO`, `ESTADIO`, `CIUDAD_PARTIDO`, `PAIS_PARTIDO`, `GOLES_LOCAL`, `GOLES_VISITANTE`, `GOLES_EXTRA_EQUIPO1`, `GOLES_EXTRA_EQUIPO2`, `NOTA_PARTIDO`, `RESUMEN_PARTIDO`, `ESTADO_PARTIDO`, `automatico`) VALUES(?, ?, ?, ?, ?, ?, ?, ?, ?, ?, ?, ?, ?, ?, ?, ?) {"params":["2","45","46","2022-07-01","00:00:00","13",null,null,0,0,0,0,null,null,"Por jugar","1"],"types":[1,1,1,2,2,1,2,2,1,1,1,1,2,2,2,1],"executionMS":0.002853870391845703} []
[2022-07-22T19:44:58.197188+00:00] log.DEBUG: SELECT COUNT(*) FROM `torneo` {"params":[],"types":[],"executionMS":0.0008130073547363281} []
[2022-07-22T19:44:58.198290+00:00] log.DEBUG: SELECT `ID_TORNEO` AS `lf`, `NOM_TORNEO_CORTO` AS `df`, '' AS `df2`, '' AS `df3`, '' AS `df4` FROM `torneo` {"params":[],"types":[],"executionMS":0.00017595291137695312} []
[2022-07-22T19:44:58.201258+00:00] log.DEBUG: SELECT COUNT(*) FROM `equipotorneo` {"params":[],"types":[],"executionMS":0.00022101402282714844} []
[2022-07-22T19:44:58.201525+00:00] log.DEBUG: SELECT `ID_EQUIPO` AS `lf`, `ID_EQUIPO` AS `df`, '' AS `df2`, '' AS `df3`, '' AS `df4`, `ID_TORNEO` AS `ff` FROM `equipotorneo` {"params":[],"types":[],"executionMS":0.00018787384033203125} []
[2022-07-22T19:44:58.205157+00:00] log.DEBUG: SELECT `ID_EQUIPO` AS `lf`, `NOM_EQUIPO_LARGO` AS `df`, '' AS `df2`, '' AS `df3`, '' AS `df4` FROM `equipo` WHERE `ID_EQUIPO` = 45 {"params":[],"types":[],"executionMS":0.0002219676971435547} []
[2022-07-22T19:44:58.205956+00:00] log.DEBUG: SELECT `ID_EQUIPO` AS `lf`, `NOM_EQUIPO_LARGO` AS `df`, '' AS `df2`, '' AS `df3`, '' AS `df4` FROM `equipo` WHERE `ID_EQUIPO` = 46 {"params":[],"types":[],"executionMS":0.00021386146545410156} []
[2022-07-22T19:44:58.206374+00:00] log.DEBUG: SELECT `ID_EQUIPO` AS `lf`, `NOM_EQUIPO_LARGO` AS `df`, '' AS `df2`, '' AS `df3`, '' AS `df4` FROM `equipo` WHERE `ID_EQUIPO` = 47 {"params":[],"types":[],"executionMS":0.0001850128173828125} []
[2022-07-22T19:44:58.206768+00:00] log.DEBUG: SELECT COUNT(*) FROM `equipotorneo` {"params":[],"types":[],"executionMS":0.00017380714416503906} []
[2022-07-22T19:44:58.207010+00:00] log.DEBUG: SELECT `ID_EQUIPO` AS `lf`, `ID_EQUIPO` AS `df`, '' AS `df2`, '' AS `df3`, '' AS `df4`, `ID_TORNEO` AS `ff` FROM `equipotorneo` {"params":[],"types":[],"executionMS":0.0001850128173828125} []
[2022-07-22T19:44:58.209909+00:00] log.DEBUG: SELECT COUNT(*) FROM `estadio` {"params":[],"types":[],"executionMS":0.00028395652770996094} []
[2022-07-22T19:44:58.210101+00:00] log.DEBUG: SELECT `id_estadio` AS `lf`, `nombre_estadio` AS `df`, '' AS `df2`, '' AS `df3`, '' AS `df4`, `id_torneo` AS `ff` FROM `estadio` {"params":[],"types":[],"executionMS":0.00011491775512695312} []
[2022-07-22T19:44:58.210486+00:00] log.DEBUG: SELECT COUNT(*) FROM `equipo` {"params":[],"types":[],"executionMS":0.00015401840209960938} []
[2022-07-22T19:44:58.210681+00:00] log.DEBUG: SELECT `PAIS_EQUIPO` AS `lf`, `PAIS_EQUIPO` AS `df`, '' AS `df2`, '' AS `df3`, '' AS `df4`, `ID_EQUIPO` AS `ff` FROM `equipo` {"params":[],"types":[],"executionMS":0.00013399124145507812} []
[2022-07-22T19:44:58.224092+00:00] log.DEBUG: SELECT COUNT(*) FROM `partidos` {"params":[],"types":[],"executionMS":0.0002620220184326172} []
[2022-07-22T19:44:58.227988+00:00] log.DEBUG: SELECT * FROM `partidos` LIMIT 20 {"params":[],"types":[],"executionMS":0.00028514862060546875} []
[2022-07-22T19:45:01.085365+00:00] log.DEBUG: SELECT * FROM `partidos` WHERE `ID_PARTIDO` = 16 {"params":[],"types":[],"executionMS":0.0008389949798583984} []
[2022-07-22T19:45:01.087759+00:00] log.DEBUG: SELECT `ID_TORNEO` AS `lf`, `NOM_TORNEO_CORTO` AS `df`, '' AS `df2`, '' AS `df3`, '' AS `df4` FROM `torneo` WHERE `ID_TORNEO` = 2 {"params":[],"types":[],"executionMS":0.00019693374633789062} []
[2022-07-22T19:45:01.088567+00:00] log.DEBUG: SELECT `ID_EQUIPO` AS `lf`, `ID_EQUIPO` AS `df`, '' AS `df2`, '' AS `df3`, '' AS `df4` FROM `equipotorneo` WHERE `ID_EQUIPO` = 45 {"params":[],"types":[],"executionMS":0.0002048015594482422} []
[2022-07-22T19:45:01.088920+00:00] log.DEBUG: SELECT `ID_EQUIPO` AS `lf`, `NOM_EQUIPO_LARGO` AS `df`, '' AS `df2`, '' AS `df3`, '' AS `df4` FROM `equipo` WHERE `ID_EQUIPO` = 45 {"params":[],"types":[],"executionMS":0.000186920166015625} []
[2022-07-22T19:45:01.089397+00:00] log.DEBUG: SELECT `ID_EQUIPO` AS `lf`, `ID_EQUIPO` AS `df`, '' AS `df2`, '' AS `df3`, '' AS `df4` FROM `equipotorneo` WHERE `ID_EQUIPO` = 46 {"params":[],"types":[],"executionMS":0.0002009868621826172} []
[2022-07-22T19:45:01.089765+00:00] log.DEBUG: SELECT `ID_EQUIPO` AS `lf`, `NOM_EQUIPO_LARGO` AS `df`, '' AS `df2`, '' AS `df3`, '' AS `df4` FROM `equipo` WHERE `ID_EQUIPO` = 46 {"params":[],"types":[],"executionMS":0.0002129077911376953} []
[2022-07-22T19:45:01.090604+00:00] log.DEBUG: SELECT `id_estadio` AS `lf`, `nombre_estadio` AS `df`, '' AS `df2`, '' AS `df3`, '' AS `df4` FROM `estadio` WHERE `id_estadio` = 13 {"params":[],"types":[],"executionMS":0.00021600723266601562} []
[2022-07-22T19:45:01.446294+00:00] log.DEBUG: SELECT `ID_TORNEO` AS `lf`, `NOM_TORNEO_CORTO` AS `df`, '' AS `df2`, '' AS `df3`, '' AS `df4` FROM `torneo` {"params":[],"types":[],"executionMS":0.0009200572967529297} []
[2022-07-22T19:45:01.451209+00:00] log.DEBUG: SELECT `ID_EQUIPO` AS `lf`, `ID_EQUIPO` AS `df`, '' AS `df2`, '' AS `df3`, '' AS `df4` FROM `equipotorneo` WHERE `ID_TORNEO` IN (2) {"params":[],"types":[],"executionMS":0.0002911090850830078} []
[2022-07-22T19:45:01.453707+00:00] log.DEBUG: SELECT `ID_EQUIPO` AS `lf`, `NOM_EQUIPO_LARGO` AS `df`, '' AS `df2`, '' AS `df3`, '' AS `df4` FROM `equipo` WHERE `ID_EQUIPO` = 45 {"params":[],"types":[],"executionMS":0.00019598007202148438} []
[2022-07-22T19:45:01.454252+00:00] log.DEBUG: SELECT `ID_EQUIPO` AS `lf`, `NOM_EQUIPO_LARGO` AS `df`, '' AS `df2`, '' AS `df3`, '' AS `df4` FROM `equipo` WHERE `ID_EQUIPO` = 46 {"params":[],"types":[],"executionMS":0.00017213821411132812} []
[2022-07-22T19:45:01.454638+00:00] log.DEBUG: SELECT `ID_EQUIPO` AS `lf`, `NOM_EQUIPO_LARGO` AS `df`, '' AS `df2`, '' AS `df3`, '' AS `df4` FROM `equipo` WHERE `ID_EQUIPO` = 47 {"params":[],"types":[],"executionMS":0.0001671314239501953} []
[2022-07-22T19:45:01.455152+00:00] log.DEBUG: SELECT `ID_EQUIPO` AS `lf`, `ID_EQUIPO` AS `df`, '' AS `df2`, '' AS `df3`, '' AS `df4` FROM `equipotorneo` WHERE `ID_TORNEO` IN (2) {"params":[],"types":[],"executionMS":0.00018787384033203125} []
[2022-07-22T19:45:01.458272+00:00] log.DEBUG: SELECT `id_estadio` AS `lf`, `nombre_estadio` AS `df`, '' AS `df2`, '' AS `df3`, '' AS `df4` FROM `estadio` WHERE `id_torneo` IN (2) {"params":[],"types":[],"executionMS":0.0003139972686767578} []
[2022-07-22T19:45:01.458859+00:00] log.DEBUG: SELECT `PAIS_EQUIPO` AS `lf`, `PAIS_EQUIPO` AS `df`, '' AS `df2`, '' AS `df3`, '' AS `df4` FROM `equipo` WHERE `ID_EQUIPO` IN (45) {"params":[],"types":[],"executionMS":0.000209808349609375} []
[2022-07-22T19:45:10.448314+00:00] log.DEBUG: SELECT * FROM `partidos` WHERE `ID_PARTIDO` = 16 {"params":[],"types":[],"executionMS":0.0008480548858642578} []
[2022-07-22T19:45:10.451859+00:00] log.DEBUG: UPDATE `partidos` SET `ID_TORNEO` = ?, `equipo_local` = ?, `equipo_visitante` = ?, `FECHA_PARTIDO` = ?, `HORA_PARTIDO` = ?, `ESTADIO` = ?, `CIUDAD_PARTIDO` = ?, `PAIS_PARTIDO` = ?, `GOLES_LOCAL` = ?, `GOLES_VISITANTE` = ?, `GOLES_EXTRA_EQUIPO1` = ?, `GOLES_EXTRA_EQUIPO2` = ?, `NOTA_PARTIDO` = ?, `RESUMEN_PARTIDO` = ?, `ESTADO_PARTIDO` = ?, `automatico` = ? WHERE `ID_PARTIDO` = 16 {"params":["2","45","46","2022-07-01","00:00:00","13",null,null,1,2,1,2,null,null,"Por jugar","1"],"types":[1,1,1,2,2,1,2,2,1,1,1,1,2,2,2,1],"executionMS":0.002275228500366211} []
[2022-07-22T19:45:10.451970+00:00] log.DEBUG: Row Updated [] []
[2022-07-22T19:45:10.543375+00:00] log.DEBUG: SELECT COUNT(*) FROM `torneo` {"params":[],"types":[],"executionMS":0.0011000633239746094} []
[2022-07-22T19:45:10.544598+00:00] log.DEBUG: SELECT `ID_TORNEO` AS `lf`, `NOM_TORNEO_CORTO` AS `df`, '' AS `df2`, '' AS `df3`, '' AS `df4` FROM `torneo` {"params":[],"types":[],"executionMS":0.00023293495178222656} []
[2022-07-22T19:45:10.547606+00:00] log.DEBUG: SELECT COUNT(*) FROM `equipotorneo` {"params":[],"types":[],"executionMS":0.00020003318786621094} []
[2022-07-22T19:45:10.547858+00:00] log.DEBUG: SELECT `ID_EQUIPO` AS `lf`, `ID_EQUIPO` AS `df`, '' AS `df2`, '' AS `df3`, '' AS `df4`, `ID_TORNEO` AS `ff` FROM `equipotorneo` {"params":[],"types":[],"executionMS":0.00018596649169921875} []
[2022-07-22T19:45:10.551410+00:00] log.DEBUG: SELECT `ID_EQUIPO` AS `lf`, `NOM_EQUIPO_LARGO` AS `df`, '' AS `df2`, '' AS `df3`, '' AS `df4` FROM `equipo` WHERE `ID_EQUIPO` = 45 {"params":[],"types":[],"executionMS":0.00020599365234375} []
[2022-07-22T19:45:10.552222+00:00] log.DEBUG: SELECT `ID_EQUIPO` AS `lf`, `NOM_EQUIPO_LARGO` AS `df`, '' AS `df2`, '' AS `df3`, '' AS `df4` FROM `equipo` WHERE `ID_EQUIPO` = 46 {"params":[],"types":[],"executionMS":0.00022912025451660156} []
[2022-07-22T19:45:10.552779+00:00] log.DEBUG: SELECT `ID_EQUIPO` AS `lf`, `NOM_EQUIPO_LARGO` AS `df`, '' AS `df2`, '' AS `df3`, '' AS `df4` FROM `equipo` WHERE `ID_EQUIPO` = 47 {"params":[],"types":[],"executionMS":0.0002789497375488281} []
[2022-07-22T19:45:10.553260+00:00] log.DEBUG: SELECT COUNT(*) FROM `equipotorneo` {"params":[],"types":[],"executionMS":0.00020503997802734375} []
[2022-07-22T19:45:10.553571+00:00] log.DEBUG: SELECT `ID_EQUIPO` AS `lf`, `ID_EQUIPO` AS `df`, '' AS `df2`, '' AS `df3`, '' AS `df4`, `ID_TORNEO` AS `ff` FROM `equipotorneo` {"params":[],"types":[],"executionMS":0.00023484230041503906} []
[2022-07-22T19:45:10.557039+00:00] log.DEBUG: SELECT COUNT(*) FROM `estadio` {"params":[],"types":[],"executionMS":0.0003790855407714844} []
[2022-07-22T19:45:10.557398+00:00] log.DEBUG: SELECT `id_estadio` AS `lf`, `nombre_estadio` AS `df`, '' AS `df2`, '' AS `df3`, '' AS `df4`, `id_torneo` AS `ff` FROM `estadio` {"params":[],"types":[],"executionMS":0.00023698806762695312} []
[2022-07-22T19:45:10.558005+00:00] log.DEBUG: SELECT COUNT(*) FROM `equipo` {"params":[],"types":[],"executionMS":0.0002009868621826172} []
[2022-07-22T19:45:10.558223+00:00] log.DEBUG: SELECT `PAIS_EQUIPO` AS `lf`, `PAIS_EQUIPO` AS `df`, '' AS `df2`, '' AS `df3`, '' AS `df4`, `ID_EQUIPO` AS `ff` FROM `equipo` {"params":[],"types":[],"executionMS":0.00015497207641601562} []
[2022-07-22T19:45:10.571985+00:00] log.DEBUG: SELECT COUNT(*) FROM `partidos` {"params":[],"types":[],"executionMS":0.0002639293670654297} []
[2022-07-22T19:45:10.575662+00:00] log.DEBUG: SELECT * FROM `partidos` LIMIT 20 {"params":[],"types":[],"executionMS":0.0002770423889160156} []
